{"/home/diogo/develope/ignite/challenge-1-solid/src/index.ts": {"path":"/home/diogo/develope/ignite/challenge-1-solid/src/index.ts","all":false,"statementMap":{"0":{"start":{"line":1,"column":0},"end":{"line":1,"column":30}},"1":{"start":{"line":2,"column":0},"end":{"line":2,"column":0}},"2":{"start":{"line":3,"column":0},"end":{"line":3,"column":52}},"3":{"start":{"line":4,"column":0},"end":{"line":4,"column":0}},"4":{"start":{"line":5,"column":0},"end":{"line":5,"column":22}},"5":{"start":{"line":6,"column":0},"end":{"line":6,"column":0}},"6":{"start":{"line":7,"column":0},"end":{"line":7,"column":24}},"7":{"start":{"line":8,"column":0},"end":{"line":8,"column":0}},"8":{"start":{"line":9,"column":0},"end":{"line":9,"column":31}},"9":{"start":{"line":10,"column":0},"end":{"line":10,"column":0}},"10":{"start":{"line":11,"column":0},"end":{"line":11,"column":15}}},"s":{"0":1,"1":1,"2":1,"3":1,"4":1,"5":1,"6":1,"7":1,"8":1,"9":1,"10":1},"branchMap":{},"b":{},"fnMap":{},"f":{}}
,"/home/diogo/develope/ignite/challenge-1-solid/src/modules/users/model/User.ts": {"path":"/home/diogo/develope/ignite/challenge-1-solid/src/modules/users/model/User.ts","all":false,"statementMap":{"0":{"start":{"line":1,"column":0},"end":{"line":1,"column":36}},"1":{"start":{"line":2,"column":0},"end":{"line":2,"column":0}},"2":{"start":{"line":3,"column":0},"end":{"line":3,"column":12}},"3":{"start":{"line":4,"column":0},"end":{"line":4,"column":0}},"4":{"start":{"line":5,"column":0},"end":{"line":5,"column":13}},"5":{"start":{"line":6,"column":0},"end":{"line":6,"column":15}},"6":{"start":{"line":7,"column":0},"end":{"line":7,"column":17}},"7":{"start":{"line":8,"column":0},"end":{"line":8,"column":16}},"8":{"start":{"line":9,"column":0},"end":{"line":9,"column":19}},"9":{"start":{"line":10,"column":0},"end":{"line":10,"column":19}},"10":{"start":{"line":11,"column":0},"end":{"line":11,"column":0}},"11":{"start":{"line":12,"column":0},"end":{"line":12,"column":17}},"12":{"start":{"line":13,"column":0},"end":{"line":13,"column":23}},"13":{"start":{"line":14,"column":0},"end":{"line":14,"column":23}},"14":{"start":{"line":15,"column":0},"end":{"line":15,"column":3}},"15":{"start":{"line":16,"column":0},"end":{"line":16,"column":1}},"16":{"start":{"line":17,"column":0},"end":{"line":17,"column":0}},"17":{"start":{"line":18,"column":0},"end":{"line":18,"column":16}}},"s":{"0":1,"1":1,"2":3,"3":3,"4":3,"5":3,"6":3,"7":3,"8":3,"9":3,"10":3,"11":3,"12":14,"13":14,"14":14,"15":3,"16":1,"17":1},"branchMap":{"0":{"type":"branch","line":3,"loc":{"start":{"line":3,"column":0},"end":{"line":16,"column":1}},"locations":[{"start":{"line":3,"column":0},"end":{"line":16,"column":1}}]},"1":{"type":"branch","line":12,"loc":{"start":{"line":12,"column":2},"end":{"line":15,"column":3}},"locations":[{"start":{"line":12,"column":2},"end":{"line":15,"column":3}}]}},"b":{"0":[3],"1":[14]},"fnMap":{"0":{"name":"User","decl":{"start":{"line":12,"column":2},"end":{"line":15,"column":3}},"loc":{"start":{"line":12,"column":2},"end":{"line":15,"column":3}},"line":12}},"f":{"0":14}}
,"/home/diogo/develope/ignite/challenge-1-solid/src/modules/users/repositories/implementations/UsersRepository.ts": {"path":"/home/diogo/develope/ignite/challenge-1-solid/src/modules/users/repositories/implementations/UsersRepository.ts","all":false,"statementMap":{"0":{"start":{"line":1,"column":0},"end":{"line":1,"column":40}},"1":{"start":{"line":2,"column":0},"end":{"line":2,"column":71}},"2":{"start":{"line":3,"column":0},"end":{"line":3,"column":0}},"3":{"start":{"line":4,"column":0},"end":{"line":4,"column":51}},"4":{"start":{"line":5,"column":0},"end":{"line":5,"column":24}},"5":{"start":{"line":6,"column":0},"end":{"line":6,"column":0}},"6":{"start":{"line":7,"column":0},"end":{"line":7,"column":43}},"7":{"start":{"line":8,"column":0},"end":{"line":8,"column":0}},"8":{"start":{"line":9,"column":0},"end":{"line":9,"column":25}},"9":{"start":{"line":10,"column":0},"end":{"line":10,"column":20}},"10":{"start":{"line":11,"column":0},"end":{"line":11,"column":3}},"11":{"start":{"line":12,"column":0},"end":{"line":12,"column":0}},"12":{"start":{"line":13,"column":0},"end":{"line":13,"column":48}},"13":{"start":{"line":14,"column":0},"end":{"line":14,"column":36}},"14":{"start":{"line":15,"column":0},"end":{"line":15,"column":55}},"15":{"start":{"line":16,"column":0},"end":{"line":16,"column":5}},"16":{"start":{"line":17,"column":0},"end":{"line":17,"column":0}},"17":{"start":{"line":18,"column":0},"end":{"line":18,"column":36}},"18":{"start":{"line":19,"column":0},"end":{"line":19,"column":3}},"19":{"start":{"line":20,"column":0},"end":{"line":20,"column":0}},"20":{"start":{"line":21,"column":0},"end":{"line":21,"column":49}},"21":{"start":{"line":22,"column":0},"end":{"line":22,"column":28}},"22":{"start":{"line":23,"column":0},"end":{"line":23,"column":25}},"23":{"start":{"line":24,"column":0},"end":{"line":24,"column":11}},"24":{"start":{"line":25,"column":0},"end":{"line":25,"column":12}},"25":{"start":{"line":26,"column":0},"end":{"line":26,"column":19}},"26":{"start":{"line":27,"column":0},"end":{"line":27,"column":29}},"27":{"start":{"line":28,"column":0},"end":{"line":28,"column":28}},"28":{"start":{"line":29,"column":0},"end":{"line":29,"column":6}},"29":{"start":{"line":30,"column":0},"end":{"line":30,"column":0}},"30":{"start":{"line":31,"column":0},"end":{"line":31,"column":26}},"31":{"start":{"line":32,"column":0},"end":{"line":32,"column":0}},"32":{"start":{"line":33,"column":0},"end":{"line":33,"column":16}},"33":{"start":{"line":34,"column":0},"end":{"line":34,"column":3}},"34":{"start":{"line":35,"column":0},"end":{"line":35,"column":0}},"35":{"start":{"line":36,"column":0},"end":{"line":36,"column":42}},"36":{"start":{"line":37,"column":0},"end":{"line":37,"column":57}},"37":{"start":{"line":38,"column":0},"end":{"line":38,"column":0}},"38":{"start":{"line":39,"column":0},"end":{"line":39,"column":16}},"39":{"start":{"line":40,"column":0},"end":{"line":40,"column":3}},"40":{"start":{"line":41,"column":0},"end":{"line":41,"column":0}},"41":{"start":{"line":42,"column":0},"end":{"line":42,"column":48}},"42":{"start":{"line":43,"column":0},"end":{"line":43,"column":63}},"43":{"start":{"line":44,"column":0},"end":{"line":44,"column":0}},"44":{"start":{"line":45,"column":0},"end":{"line":45,"column":16}},"45":{"start":{"line":46,"column":0},"end":{"line":46,"column":3}},"46":{"start":{"line":47,"column":0},"end":{"line":47,"column":0}},"47":{"start":{"line":48,"column":0},"end":{"line":48,"column":39}},"48":{"start":{"line":49,"column":0},"end":{"line":49,"column":70}},"49":{"start":{"line":50,"column":0},"end":{"line":50,"column":0}},"50":{"start":{"line":51,"column":0},"end":{"line":51,"column":22}},"51":{"start":{"line":52,"column":0},"end":{"line":52,"column":0}},"52":{"start":{"line":53,"column":0},"end":{"line":53,"column":16}},"53":{"start":{"line":54,"column":0},"end":{"line":54,"column":3}},"54":{"start":{"line":55,"column":0},"end":{"line":55,"column":0}},"55":{"start":{"line":56,"column":0},"end":{"line":56,"column":18}},"56":{"start":{"line":57,"column":0},"end":{"line":57,"column":22}},"57":{"start":{"line":58,"column":0},"end":{"line":58,"column":3}},"58":{"start":{"line":59,"column":0},"end":{"line":59,"column":1}},"59":{"start":{"line":60,"column":0},"end":{"line":60,"column":0}},"60":{"start":{"line":61,"column":0},"end":{"line":61,"column":27}}},"s":{"0":1,"1":1,"2":1,"3":3,"4":3,"5":3,"6":3,"7":3,"8":3,"9":3,"10":3,"11":3,"12":3,"13":11,"14":3,"15":3,"16":11,"17":11,"18":11,"19":3,"20":3,"21":14,"22":14,"23":14,"24":14,"25":14,"26":14,"27":14,"28":14,"29":14,"30":14,"31":14,"32":14,"33":14,"34":3,"35":3,"36":12,"37":12,"38":12,"39":12,"40":3,"41":3,"42":5,"43":5,"44":5,"45":5,"46":3,"47":3,"48":4,"49":4,"50":4,"51":4,"52":4,"53":4,"54":3,"55":3,"56":3,"57":3,"58":3,"59":1,"60":1},"branchMap":{"0":{"type":"branch","line":4,"loc":{"start":{"line":4,"column":0},"end":{"line":59,"column":1}},"locations":[{"start":{"line":4,"column":0},"end":{"line":59,"column":1}}]},"1":{"type":"branch","line":9,"loc":{"start":{"line":9,"column":2},"end":{"line":11,"column":3}},"locations":[{"start":{"line":9,"column":2},"end":{"line":11,"column":3}}]},"2":{"type":"branch","line":13,"loc":{"start":{"line":13,"column":2},"end":{"line":19,"column":3}},"locations":[{"start":{"line":13,"column":2},"end":{"line":19,"column":3}}]},"3":{"type":"branch","line":14,"loc":{"start":{"line":14,"column":35},"end":{"line":16,"column":5}},"locations":[{"start":{"line":14,"column":35},"end":{"line":16,"column":5}}]},"4":{"type":"branch","line":21,"loc":{"start":{"line":21,"column":2},"end":{"line":34,"column":3}},"locations":[{"start":{"line":21,"column":2},"end":{"line":34,"column":3}}]},"5":{"type":"branch","line":36,"loc":{"start":{"line":36,"column":2},"end":{"line":40,"column":3}},"locations":[{"start":{"line":36,"column":2},"end":{"line":40,"column":3}}]},"6":{"type":"branch","line":37,"loc":{"start":{"line":37,"column":33},"end":{"line":37,"column":45}},"locations":[{"start":{"line":37,"column":33},"end":{"line":37,"column":45}}]},"7":{"type":"branch","line":42,"loc":{"start":{"line":42,"column":2},"end":{"line":46,"column":3}},"locations":[{"start":{"line":42,"column":2},"end":{"line":46,"column":3}}]},"8":{"type":"branch","line":43,"loc":{"start":{"line":43,"column":33},"end":{"line":43,"column":45}},"locations":[{"start":{"line":43,"column":33},"end":{"line":43,"column":45}}]},"9":{"type":"branch","line":48,"loc":{"start":{"line":48,"column":2},"end":{"line":54,"column":3}},"locations":[{"start":{"line":48,"column":2},"end":{"line":54,"column":3}}]},"10":{"type":"branch","line":49,"loc":{"start":{"line":49,"column":33},"end":{"line":49,"column":45}},"locations":[{"start":{"line":49,"column":33},"end":{"line":49,"column":45}}]},"11":{"type":"branch","line":56,"loc":{"start":{"line":56,"column":2},"end":{"line":58,"column":3}},"locations":[{"start":{"line":56,"column":2},"end":{"line":58,"column":3}}]}},"b":{"0":[3],"1":[3],"2":[11],"3":[3],"4":[14],"5":[12],"6":[46],"7":[5],"8":[3],"9":[4],"10":[12],"11":[3]},"fnMap":{"0":{"name":"UsersRepository","decl":{"start":{"line":9,"column":2},"end":{"line":11,"column":3}},"loc":{"start":{"line":9,"column":2},"end":{"line":11,"column":3}},"line":9},"1":{"name":"Object.<anonymous>.UsersRepository.getInstance","decl":{"start":{"line":13,"column":2},"end":{"line":19,"column":3}},"loc":{"start":{"line":13,"column":2},"end":{"line":19,"column":3}},"line":13},"2":{"name":"Object.<anonymous>.UsersRepository.create","decl":{"start":{"line":21,"column":2},"end":{"line":34,"column":3}},"loc":{"start":{"line":21,"column":2},"end":{"line":34,"column":3}},"line":21},"3":{"name":"Object.<anonymous>.UsersRepository.findById","decl":{"start":{"line":36,"column":2},"end":{"line":40,"column":3}},"loc":{"start":{"line":36,"column":2},"end":{"line":40,"column":3}},"line":36},"4":{"name":"Object.<anonymous>.UsersRepository.findByEmail","decl":{"start":{"line":42,"column":2},"end":{"line":46,"column":3}},"loc":{"start":{"line":42,"column":2},"end":{"line":46,"column":3}},"line":42},"5":{"name":"Object.<anonymous>.UsersRepository.turnAdmin","decl":{"start":{"line":48,"column":2},"end":{"line":54,"column":3}},"loc":{"start":{"line":48,"column":2},"end":{"line":54,"column":3}},"line":48},"6":{"name":"Object.<anonymous>.UsersRepository.list","decl":{"start":{"line":56,"column":2},"end":{"line":58,"column":3}},"loc":{"start":{"line":56,"column":2},"end":{"line":58,"column":3}},"line":56}},"f":{"0":3,"1":11,"2":14,"3":12,"4":5,"5":4,"6":3}}
,"/home/diogo/develope/ignite/challenge-1-solid/src/modules/users/useCases/createUser/CreateUserController.ts": {"path":"/home/diogo/develope/ignite/challenge-1-solid/src/modules/users/useCases/createUser/CreateUserController.ts","all":false,"statementMap":{"0":{"start":{"line":1,"column":0},"end":{"line":1,"column":44}},"1":{"start":{"line":2,"column":0},"end":{"line":2,"column":0}},"2":{"start":{"line":3,"column":0},"end":{"line":3,"column":56}},"3":{"start":{"line":4,"column":0},"end":{"line":4,"column":0}},"4":{"start":{"line":5,"column":0},"end":{"line":5,"column":28}},"5":{"start":{"line":6,"column":0},"end":{"line":6,"column":63}},"6":{"start":{"line":7,"column":0},"end":{"line":7,"column":0}},"7":{"start":{"line":8,"column":0},"end":{"line":8,"column":58}},"8":{"start":{"line":9,"column":0},"end":{"line":9,"column":41}},"9":{"start":{"line":10,"column":0},"end":{"line":10,"column":0}},"10":{"start":{"line":11,"column":0},"end":{"line":11,"column":9}},"11":{"start":{"line":12,"column":0},"end":{"line":12,"column":67}},"12":{"start":{"line":13,"column":0},"end":{"line":13,"column":0}},"13":{"start":{"line":14,"column":0},"end":{"line":14,"column":45}},"14":{"start":{"line":15,"column":0},"end":{"line":15,"column":21}},"15":{"start":{"line":16,"column":0},"end":{"line":16,"column":65}},"16":{"start":{"line":17,"column":0},"end":{"line":17,"column":5}},"17":{"start":{"line":18,"column":0},"end":{"line":18,"column":0}},"18":{"start":{"line":19,"column":0},"end":{"line":19,"column":3}},"19":{"start":{"line":20,"column":0},"end":{"line":20,"column":1}},"20":{"start":{"line":21,"column":0},"end":{"line":21,"column":0}},"21":{"start":{"line":22,"column":0},"end":{"line":22,"column":32}}},"s":{"0":1,"1":1,"2":1,"3":1,"4":1,"5":1,"6":1,"7":1,"8":2,"9":2,"10":2,"11":2,"12":2,"13":2,"14":2,"15":1,"16":1,"17":2,"18":2,"19":1,"20":1,"21":1},"branchMap":{"0":{"type":"branch","line":5,"loc":{"start":{"line":5,"column":0},"end":{"line":20,"column":1}},"locations":[{"start":{"line":5,"column":0},"end":{"line":20,"column":1}}]},"1":{"type":"branch","line":6,"loc":{"start":{"line":6,"column":2},"end":{"line":6,"column":63}},"locations":[{"start":{"line":6,"column":2},"end":{"line":6,"column":63}}]},"2":{"type":"branch","line":8,"loc":{"start":{"line":8,"column":2},"end":{"line":19,"column":3}},"locations":[{"start":{"line":8,"column":2},"end":{"line":19,"column":3}}]},"3":{"type":"branch","line":15,"loc":{"start":{"line":15,"column":5},"end":{"line":15,"column":13}},"locations":[{"start":{"line":15,"column":5},"end":{"line":15,"column":13}}]},"4":{"type":"branch","line":15,"loc":{"start":{"line":15,"column":6},"end":{"line":17,"column":5}},"locations":[{"start":{"line":15,"column":6},"end":{"line":17,"column":5}}]}},"b":{"0":[1],"1":[1],"2":[2],"3":[0],"4":[1]},"fnMap":{"0":{"name":"CreateUserController","decl":{"start":{"line":6,"column":2},"end":{"line":6,"column":63}},"loc":{"start":{"line":6,"column":2},"end":{"line":6,"column":63}},"line":6},"1":{"name":"Object.<anonymous>.CreateUserController.handle","decl":{"start":{"line":8,"column":2},"end":{"line":19,"column":3}},"loc":{"start":{"line":8,"column":2},"end":{"line":19,"column":3}},"line":8}},"f":{"0":1,"1":2}}
,"/home/diogo/develope/ignite/challenge-1-solid/src/modules/users/useCases/createUser/CreateUserUseCase.ts": {"path":"/home/diogo/develope/ignite/challenge-1-solid/src/modules/users/useCases/createUser/CreateUserUseCase.ts","all":false,"statementMap":{"0":{"start":{"line":1,"column":0},"end":{"line":1,"column":40}},"1":{"start":{"line":2,"column":0},"end":{"line":2,"column":71}},"2":{"start":{"line":3,"column":0},"end":{"line":3,"column":0}},"3":{"start":{"line":4,"column":0},"end":{"line":4,"column":20}},"4":{"start":{"line":5,"column":0},"end":{"line":5,"column":15}},"5":{"start":{"line":6,"column":0},"end":{"line":6,"column":16}},"6":{"start":{"line":7,"column":0},"end":{"line":7,"column":1}},"7":{"start":{"line":8,"column":0},"end":{"line":8,"column":0}},"8":{"start":{"line":9,"column":0},"end":{"line":9,"column":25}},"9":{"start":{"line":10,"column":0},"end":{"line":10,"column":60}},"10":{"start":{"line":11,"column":0},"end":{"line":11,"column":0}},"11":{"start":{"line":12,"column":0},"end":{"line":12,"column":44}},"12":{"start":{"line":13,"column":0},"end":{"line":13,"column":63}},"13":{"start":{"line":14,"column":0},"end":{"line":14,"column":0}},"14":{"start":{"line":15,"column":0},"end":{"line":15,"column":21}},"15":{"start":{"line":16,"column":0},"end":{"line":16,"column":46}},"16":{"start":{"line":17,"column":0},"end":{"line":17,"column":5}},"17":{"start":{"line":18,"column":0},"end":{"line":18,"column":0}},"18":{"start":{"line":19,"column":0},"end":{"line":19,"column":62}},"19":{"start":{"line":20,"column":0},"end":{"line":20,"column":0}},"20":{"start":{"line":21,"column":0},"end":{"line":21,"column":16}},"21":{"start":{"line":22,"column":0},"end":{"line":22,"column":3}},"22":{"start":{"line":23,"column":0},"end":{"line":23,"column":1}},"23":{"start":{"line":24,"column":0},"end":{"line":24,"column":0}},"24":{"start":{"line":25,"column":0},"end":{"line":25,"column":29}}},"s":{"0":1,"1":1,"2":1,"3":1,"4":1,"5":1,"6":1,"7":1,"8":2,"9":2,"10":2,"11":2,"12":4,"13":4,"14":4,"15":2,"16":2,"17":2,"18":2,"19":2,"20":2,"21":2,"22":2,"23":1,"24":1},"branchMap":{"0":{"type":"branch","line":9,"loc":{"start":{"line":9,"column":0},"end":{"line":23,"column":1}},"locations":[{"start":{"line":9,"column":0},"end":{"line":23,"column":1}}]},"1":{"type":"branch","line":10,"loc":{"start":{"line":10,"column":2},"end":{"line":10,"column":60}},"locations":[{"start":{"line":10,"column":2},"end":{"line":10,"column":60}}]},"2":{"type":"branch","line":12,"loc":{"start":{"line":12,"column":2},"end":{"line":22,"column":3}},"locations":[{"start":{"line":12,"column":2},"end":{"line":22,"column":3}}]},"3":{"type":"branch","line":15,"loc":{"start":{"line":15,"column":20},"end":{"line":22,"column":3}},"locations":[{"start":{"line":15,"column":20},"end":{"line":22,"column":3}}]}},"b":{"0":[2],"1":[2],"2":[4],"3":[2]},"fnMap":{"0":{"name":"CreateUserUseCase","decl":{"start":{"line":10,"column":2},"end":{"line":10,"column":60}},"loc":{"start":{"line":10,"column":2},"end":{"line":10,"column":60}},"line":10},"1":{"name":"Object.<anonymous>.CreateUserUseCase.execute","decl":{"start":{"line":12,"column":2},"end":{"line":22,"column":3}},"loc":{"start":{"line":12,"column":2},"end":{"line":22,"column":3}},"line":12}},"f":{"0":2,"1":4}}
,"/home/diogo/develope/ignite/challenge-1-solid/src/modules/users/useCases/createUser/index.ts": {"path":"/home/diogo/develope/ignite/challenge-1-solid/src/modules/users/useCases/createUser/index.ts","all":false,"statementMap":{"0":{"start":{"line":1,"column":0},"end":{"line":1,"column":85}},"1":{"start":{"line":2,"column":0},"end":{"line":2,"column":62}},"2":{"start":{"line":3,"column":0},"end":{"line":3,"column":56}},"3":{"start":{"line":4,"column":0},"end":{"line":4,"column":0}},"4":{"start":{"line":5,"column":0},"end":{"line":5,"column":54}},"5":{"start":{"line":6,"column":0},"end":{"line":6,"column":65}},"6":{"start":{"line":7,"column":0},"end":{"line":7,"column":73}},"7":{"start":{"line":8,"column":0},"end":{"line":8,"column":0}},"8":{"start":{"line":9,"column":0},"end":{"line":9,"column":32}}},"s":{"0":1,"1":1,"2":1,"3":1,"4":1,"5":1,"6":1,"7":1,"8":1},"branchMap":{},"b":{},"fnMap":{},"f":{}}
,"/home/diogo/develope/ignite/challenge-1-solid/src/modules/users/useCases/listAllUsers/ListAllUsersController.ts": {"path":"/home/diogo/develope/ignite/challenge-1-solid/src/modules/users/useCases/listAllUsers/ListAllUsersController.ts","all":false,"statementMap":{"0":{"start":{"line":1,"column":0},"end":{"line":1,"column":44}},"1":{"start":{"line":2,"column":0},"end":{"line":2,"column":0}},"2":{"start":{"line":3,"column":0},"end":{"line":3,"column":60}},"3":{"start":{"line":4,"column":0},"end":{"line":4,"column":0}},"4":{"start":{"line":5,"column":0},"end":{"line":5,"column":30}},"5":{"start":{"line":6,"column":0},"end":{"line":6,"column":67}},"6":{"start":{"line":7,"column":0},"end":{"line":7,"column":0}},"7":{"start":{"line":8,"column":0},"end":{"line":8,"column":58}},"8":{"start":{"line":9,"column":0},"end":{"line":9,"column":52}},"9":{"start":{"line":10,"column":0},"end":{"line":10,"column":0}},"10":{"start":{"line":11,"column":0},"end":{"line":11,"column":9}},"11":{"start":{"line":12,"column":0},"end":{"line":12,"column":66}},"12":{"start":{"line":13,"column":0},"end":{"line":13,"column":0}},"13":{"start":{"line":14,"column":0},"end":{"line":14,"column":46}},"14":{"start":{"line":15,"column":0},"end":{"line":15,"column":21}},"15":{"start":{"line":16,"column":0},"end":{"line":16,"column":0}},"16":{"start":{"line":17,"column":0},"end":{"line":17,"column":58}},"17":{"start":{"line":18,"column":0},"end":{"line":18,"column":5}},"18":{"start":{"line":19,"column":0},"end":{"line":19,"column":0}},"19":{"start":{"line":20,"column":0},"end":{"line":20,"column":3}},"20":{"start":{"line":21,"column":0},"end":{"line":21,"column":1}},"21":{"start":{"line":22,"column":0},"end":{"line":22,"column":0}},"22":{"start":{"line":23,"column":0},"end":{"line":23,"column":34}}},"s":{"0":1,"1":1,"2":1,"3":1,"4":1,"5":1,"6":1,"7":1,"8":4,"9":4,"10":4,"11":4,"12":4,"13":4,"14":4,"15":3,"16":3,"17":3,"18":4,"19":4,"20":1,"21":1,"22":1},"branchMap":{"0":{"type":"branch","line":5,"loc":{"start":{"line":5,"column":0},"end":{"line":21,"column":1}},"locations":[{"start":{"line":5,"column":0},"end":{"line":21,"column":1}}]},"1":{"type":"branch","line":6,"loc":{"start":{"line":6,"column":2},"end":{"line":6,"column":67}},"locations":[{"start":{"line":6,"column":2},"end":{"line":6,"column":67}}]},"2":{"type":"branch","line":8,"loc":{"start":{"line":8,"column":2},"end":{"line":20,"column":3}},"locations":[{"start":{"line":8,"column":2},"end":{"line":20,"column":3}}]},"3":{"type":"branch","line":15,"loc":{"start":{"line":15,"column":5},"end":{"line":15,"column":13}},"locations":[{"start":{"line":15,"column":5},"end":{"line":15,"column":13}}]},"4":{"type":"branch","line":15,"loc":{"start":{"line":15,"column":6},"end":{"line":18,"column":5}},"locations":[{"start":{"line":15,"column":6},"end":{"line":18,"column":5}}]}},"b":{"0":[1],"1":[1],"2":[4],"3":[0],"4":[3]},"fnMap":{"0":{"name":"ListAllUsersController","decl":{"start":{"line":6,"column":2},"end":{"line":6,"column":67}},"loc":{"start":{"line":6,"column":2},"end":{"line":6,"column":67}},"line":6},"1":{"name":"Object.<anonymous>.ListAllUsersController.handle","decl":{"start":{"line":8,"column":2},"end":{"line":20,"column":3}},"loc":{"start":{"line":8,"column":2},"end":{"line":20,"column":3}},"line":8}},"f":{"0":1,"1":4}}
,"/home/diogo/develope/ignite/challenge-1-solid/src/modules/users/useCases/listAllUsers/ListAllUsersUseCase.ts": {"path":"/home/diogo/develope/ignite/challenge-1-solid/src/modules/users/useCases/listAllUsers/ListAllUsersUseCase.ts","all":false,"statementMap":{"0":{"start":{"line":1,"column":0},"end":{"line":1,"column":40}},"1":{"start":{"line":2,"column":0},"end":{"line":2,"column":71}},"2":{"start":{"line":3,"column":0},"end":{"line":3,"column":0}},"3":{"start":{"line":4,"column":0},"end":{"line":4,"column":20}},"4":{"start":{"line":5,"column":0},"end":{"line":5,"column":18}},"5":{"start":{"line":6,"column":0},"end":{"line":6,"column":1}},"6":{"start":{"line":7,"column":0},"end":{"line":7,"column":0}},"7":{"start":{"line":8,"column":0},"end":{"line":8,"column":27}},"8":{"start":{"line":9,"column":0},"end":{"line":9,"column":60}},"9":{"start":{"line":10,"column":0},"end":{"line":10,"column":0}},"10":{"start":{"line":11,"column":0},"end":{"line":11,"column":42}},"11":{"start":{"line":12,"column":0},"end":{"line":12,"column":0}},"12":{"start":{"line":13,"column":0},"end":{"line":13,"column":56}},"13":{"start":{"line":14,"column":0},"end":{"line":14,"column":43}},"14":{"start":{"line":15,"column":0},"end":{"line":15,"column":46}},"15":{"start":{"line":16,"column":0},"end":{"line":16,"column":5}},"16":{"start":{"line":17,"column":0},"end":{"line":17,"column":0}},"17":{"start":{"line":18,"column":0},"end":{"line":18,"column":0}},"18":{"start":{"line":19,"column":0},"end":{"line":19,"column":46}},"19":{"start":{"line":20,"column":0},"end":{"line":20,"column":0}},"20":{"start":{"line":21,"column":0},"end":{"line":21,"column":17}},"21":{"start":{"line":22,"column":0},"end":{"line":22,"column":43}},"22":{"start":{"line":23,"column":0},"end":{"line":23,"column":5}},"23":{"start":{"line":24,"column":0},"end":{"line":24,"column":0}},"24":{"start":{"line":25,"column":0},"end":{"line":25,"column":17}},"25":{"start":{"line":26,"column":0},"end":{"line":26,"column":3}},"26":{"start":{"line":27,"column":0},"end":{"line":27,"column":1}},"27":{"start":{"line":28,"column":0},"end":{"line":28,"column":0}},"28":{"start":{"line":29,"column":0},"end":{"line":29,"column":31}}},"s":{"0":1,"1":1,"2":1,"3":1,"4":1,"5":1,"6":1,"7":2,"8":2,"9":2,"10":2,"11":7,"12":7,"13":7,"14":5,"15":5,"16":2,"17":2,"18":2,"19":2,"20":7,"21":0,"22":0,"23":2,"24":2,"25":2,"26":2,"27":1,"28":1},"branchMap":{"0":{"type":"branch","line":8,"loc":{"start":{"line":8,"column":0},"end":{"line":27,"column":1}},"locations":[{"start":{"line":8,"column":0},"end":{"line":27,"column":1}}]},"1":{"type":"branch","line":9,"loc":{"start":{"line":9,"column":2},"end":{"line":9,"column":60}},"locations":[{"start":{"line":9,"column":2},"end":{"line":9,"column":60}}]},"2":{"type":"branch","line":11,"loc":{"start":{"line":11,"column":2},"end":{"line":26,"column":3}},"locations":[{"start":{"line":11,"column":2},"end":{"line":26,"column":3}}]},"3":{"type":"branch","line":14,"loc":{"start":{"line":14,"column":25},"end":{"line":14,"column":40}},"locations":[{"start":{"line":14,"column":25},"end":{"line":14,"column":40}}]},"4":{"type":"branch","line":14,"loc":{"start":{"line":14,"column":42},"end":{"line":16,"column":5}},"locations":[{"start":{"line":14,"column":42},"end":{"line":16,"column":5}}]},"5":{"type":"branch","line":17,"loc":{"start":{"line":17,"column":-1},"end":{"line":21,"column":16}},"locations":[{"start":{"line":17,"column":-1},"end":{"line":21,"column":16}}]},"6":{"type":"branch","line":21,"loc":{"start":{"line":21,"column":16},"end":{"line":23,"column":5}},"locations":[{"start":{"line":21,"column":16},"end":{"line":23,"column":5}}]},"7":{"type":"branch","line":24,"loc":{"start":{"line":24,"column":-1},"end":{"line":26,"column":3}},"locations":[{"start":{"line":24,"column":-1},"end":{"line":26,"column":3}}]}},"b":{"0":[2],"1":[2],"2":[7],"3":[5],"4":[5],"5":[2],"6":[0],"7":[2]},"fnMap":{"0":{"name":"ListAllUsersUseCase","decl":{"start":{"line":9,"column":2},"end":{"line":9,"column":60}},"loc":{"start":{"line":9,"column":2},"end":{"line":9,"column":60}},"line":9},"1":{"name":"Object.<anonymous>.ListAllUsersUseCase.execute","decl":{"start":{"line":11,"column":2},"end":{"line":26,"column":3}},"loc":{"start":{"line":11,"column":2},"end":{"line":26,"column":3}},"line":11}},"f":{"0":2,"1":7}}
,"/home/diogo/develope/ignite/challenge-1-solid/src/modules/users/useCases/listAllUsers/index.ts": {"path":"/home/diogo/develope/ignite/challenge-1-solid/src/modules/users/useCases/listAllUsers/index.ts","all":false,"statementMap":{"0":{"start":{"line":1,"column":0},"end":{"line":1,"column":85}},"1":{"start":{"line":2,"column":0},"end":{"line":2,"column":66}},"2":{"start":{"line":3,"column":0},"end":{"line":3,"column":60}},"3":{"start":{"line":4,"column":0},"end":{"line":4,"column":0}},"4":{"start":{"line":5,"column":0},"end":{"line":5,"column":54}},"5":{"start":{"line":6,"column":0},"end":{"line":6,"column":69}},"6":{"start":{"line":7,"column":0},"end":{"line":7,"column":79}},"7":{"start":{"line":8,"column":0},"end":{"line":8,"column":0}},"8":{"start":{"line":9,"column":0},"end":{"line":9,"column":34}}},"s":{"0":1,"1":1,"2":1,"3":1,"4":1,"5":1,"6":1,"7":1,"8":1},"branchMap":{},"b":{},"fnMap":{},"f":{}}
,"/home/diogo/develope/ignite/challenge-1-solid/src/modules/users/useCases/showUserProfile/ShowUserProfileController.ts": {"path":"/home/diogo/develope/ignite/challenge-1-solid/src/modules/users/useCases/showUserProfile/ShowUserProfileController.ts","all":false,"statementMap":{"0":{"start":{"line":1,"column":0},"end":{"line":1,"column":44}},"1":{"start":{"line":2,"column":0},"end":{"line":2,"column":0}},"2":{"start":{"line":3,"column":0},"end":{"line":3,"column":66}},"3":{"start":{"line":4,"column":0},"end":{"line":4,"column":0}},"4":{"start":{"line":5,"column":0},"end":{"line":5,"column":33}},"5":{"start":{"line":6,"column":0},"end":{"line":6,"column":73}},"6":{"start":{"line":7,"column":0},"end":{"line":7,"column":0}},"7":{"start":{"line":8,"column":0},"end":{"line":8,"column":58}},"8":{"start":{"line":9,"column":0},"end":{"line":9,"column":39}},"9":{"start":{"line":10,"column":0},"end":{"line":10,"column":0}},"10":{"start":{"line":11,"column":0},"end":{"line":11,"column":0}},"11":{"start":{"line":12,"column":0},"end":{"line":12,"column":9}},"12":{"start":{"line":13,"column":0},"end":{"line":13,"column":68}},"13":{"start":{"line":14,"column":0},"end":{"line":14,"column":0}},"14":{"start":{"line":15,"column":0},"end":{"line":15,"column":33}},"15":{"start":{"line":16,"column":0},"end":{"line":16,"column":21}},"16":{"start":{"line":17,"column":0},"end":{"line":17,"column":65}},"17":{"start":{"line":18,"column":0},"end":{"line":18,"column":5}},"18":{"start":{"line":19,"column":0},"end":{"line":19,"column":3}},"19":{"start":{"line":20,"column":0},"end":{"line":20,"column":1}},"20":{"start":{"line":21,"column":0},"end":{"line":21,"column":0}},"21":{"start":{"line":22,"column":0},"end":{"line":22,"column":37}}},"s":{"0":1,"1":1,"2":1,"3":1,"4":1,"5":1,"6":1,"7":1,"8":2,"9":2,"10":2,"11":2,"12":2,"13":2,"14":2,"15":2,"16":1,"17":1,"18":2,"19":1,"20":1,"21":1},"branchMap":{"0":{"type":"branch","line":5,"loc":{"start":{"line":5,"column":0},"end":{"line":20,"column":1}},"locations":[{"start":{"line":5,"column":0},"end":{"line":20,"column":1}}]},"1":{"type":"branch","line":6,"loc":{"start":{"line":6,"column":2},"end":{"line":6,"column":73}},"locations":[{"start":{"line":6,"column":2},"end":{"line":6,"column":73}}]},"2":{"type":"branch","line":8,"loc":{"start":{"line":8,"column":2},"end":{"line":19,"column":3}},"locations":[{"start":{"line":8,"column":2},"end":{"line":19,"column":3}}]},"3":{"type":"branch","line":16,"loc":{"start":{"line":16,"column":5},"end":{"line":16,"column":13}},"locations":[{"start":{"line":16,"column":5},"end":{"line":16,"column":13}}]},"4":{"type":"branch","line":16,"loc":{"start":{"line":16,"column":6},"end":{"line":18,"column":5}},"locations":[{"start":{"line":16,"column":6},"end":{"line":18,"column":5}}]}},"b":{"0":[1],"1":[1],"2":[2],"3":[0],"4":[1]},"fnMap":{"0":{"name":"ShowUserProfileController","decl":{"start":{"line":6,"column":2},"end":{"line":6,"column":73}},"loc":{"start":{"line":6,"column":2},"end":{"line":6,"column":73}},"line":6},"1":{"name":"Object.<anonymous>.ShowUserProfileController.handle","decl":{"start":{"line":8,"column":2},"end":{"line":19,"column":3}},"loc":{"start":{"line":8,"column":2},"end":{"line":19,"column":3}},"line":8}},"f":{"0":1,"1":2}}
,"/home/diogo/develope/ignite/challenge-1-solid/src/modules/users/useCases/showUserProfile/ShowUserProfileUseCase.ts": {"path":"/home/diogo/develope/ignite/challenge-1-solid/src/modules/users/useCases/showUserProfile/ShowUserProfileUseCase.ts","all":false,"statementMap":{"0":{"start":{"line":1,"column":0},"end":{"line":1,"column":40}},"1":{"start":{"line":2,"column":0},"end":{"line":2,"column":71}},"2":{"start":{"line":3,"column":0},"end":{"line":3,"column":0}},"3":{"start":{"line":4,"column":0},"end":{"line":4,"column":20}},"4":{"start":{"line":5,"column":0},"end":{"line":5,"column":18}},"5":{"start":{"line":6,"column":0},"end":{"line":6,"column":1}},"6":{"start":{"line":7,"column":0},"end":{"line":7,"column":0}},"7":{"start":{"line":8,"column":0},"end":{"line":8,"column":30}},"8":{"start":{"line":9,"column":0},"end":{"line":9,"column":60}},"9":{"start":{"line":10,"column":0},"end":{"line":10,"column":0}},"10":{"start":{"line":11,"column":0},"end":{"line":11,"column":40}},"11":{"start":{"line":12,"column":0},"end":{"line":12,"column":56}},"12":{"start":{"line":13,"column":0},"end":{"line":13,"column":0}},"13":{"start":{"line":14,"column":0},"end":{"line":14,"column":16}},"14":{"start":{"line":15,"column":0},"end":{"line":15,"column":41}},"15":{"start":{"line":16,"column":0},"end":{"line":16,"column":5}},"16":{"start":{"line":17,"column":0},"end":{"line":17,"column":0}},"17":{"start":{"line":18,"column":0},"end":{"line":18,"column":16}},"18":{"start":{"line":19,"column":0},"end":{"line":19,"column":3}},"19":{"start":{"line":20,"column":0},"end":{"line":20,"column":1}},"20":{"start":{"line":21,"column":0},"end":{"line":21,"column":0}},"21":{"start":{"line":22,"column":0},"end":{"line":22,"column":34}}},"s":{"0":1,"1":1,"2":1,"3":1,"4":1,"5":1,"6":1,"7":2,"8":2,"9":2,"10":2,"11":4,"12":4,"13":4,"14":2,"15":2,"16":2,"17":2,"18":2,"19":2,"20":1,"21":1},"branchMap":{"0":{"type":"branch","line":8,"loc":{"start":{"line":8,"column":0},"end":{"line":20,"column":1}},"locations":[{"start":{"line":8,"column":0},"end":{"line":20,"column":1}}]},"1":{"type":"branch","line":9,"loc":{"start":{"line":9,"column":2},"end":{"line":9,"column":60}},"locations":[{"start":{"line":9,"column":2},"end":{"line":9,"column":60}}]},"2":{"type":"branch","line":11,"loc":{"start":{"line":11,"column":2},"end":{"line":19,"column":3}},"locations":[{"start":{"line":11,"column":2},"end":{"line":19,"column":3}}]},"3":{"type":"branch","line":14,"loc":{"start":{"line":14,"column":15},"end":{"line":19,"column":3}},"locations":[{"start":{"line":14,"column":15},"end":{"line":19,"column":3}}]}},"b":{"0":[2],"1":[2],"2":[4],"3":[2]},"fnMap":{"0":{"name":"ShowUserProfileUseCase","decl":{"start":{"line":9,"column":2},"end":{"line":9,"column":60}},"loc":{"start":{"line":9,"column":2},"end":{"line":9,"column":60}},"line":9},"1":{"name":"Object.<anonymous>.ShowUserProfileUseCase.execute","decl":{"start":{"line":11,"column":2},"end":{"line":19,"column":3}},"loc":{"start":{"line":11,"column":2},"end":{"line":19,"column":3}},"line":11}},"f":{"0":2,"1":4}}
,"/home/diogo/develope/ignite/challenge-1-solid/src/modules/users/useCases/showUserProfile/index.ts": {"path":"/home/diogo/develope/ignite/challenge-1-solid/src/modules/users/useCases/showUserProfile/index.ts","all":false,"statementMap":{"0":{"start":{"line":1,"column":0},"end":{"line":1,"column":85}},"1":{"start":{"line":2,"column":0},"end":{"line":2,"column":72}},"2":{"start":{"line":3,"column":0},"end":{"line":3,"column":66}},"3":{"start":{"line":4,"column":0},"end":{"line":4,"column":0}},"4":{"start":{"line":5,"column":0},"end":{"line":5,"column":54}},"5":{"start":{"line":6,"column":0},"end":{"line":6,"column":75}},"6":{"start":{"line":7,"column":0},"end":{"line":7,"column":64}},"7":{"start":{"line":8,"column":0},"end":{"line":8,"column":24}},"8":{"start":{"line":9,"column":0},"end":{"line":9,"column":2}},"9":{"start":{"line":10,"column":0},"end":{"line":10,"column":0}},"10":{"start":{"line":11,"column":0},"end":{"line":11,"column":37}}},"s":{"0":1,"1":1,"2":1,"3":1,"4":1,"5":1,"6":1,"7":1,"8":1,"9":1,"10":1},"branchMap":{},"b":{},"fnMap":{},"f":{}}
,"/home/diogo/develope/ignite/challenge-1-solid/src/modules/users/useCases/turnUserAdmin/TurnUserAdminController.ts": {"path":"/home/diogo/develope/ignite/challenge-1-solid/src/modules/users/useCases/turnUserAdmin/TurnUserAdminController.ts","all":false,"statementMap":{"0":{"start":{"line":1,"column":0},"end":{"line":1,"column":44}},"1":{"start":{"line":2,"column":0},"end":{"line":2,"column":0}},"2":{"start":{"line":3,"column":0},"end":{"line":3,"column":62}},"3":{"start":{"line":4,"column":0},"end":{"line":4,"column":0}},"4":{"start":{"line":5,"column":0},"end":{"line":5,"column":31}},"5":{"start":{"line":6,"column":0},"end":{"line":6,"column":69}},"6":{"start":{"line":7,"column":0},"end":{"line":7,"column":0}},"7":{"start":{"line":8,"column":0},"end":{"line":8,"column":58}},"8":{"start":{"line":9,"column":0},"end":{"line":9,"column":43}},"9":{"start":{"line":10,"column":0},"end":{"line":10,"column":0}},"10":{"start":{"line":11,"column":0},"end":{"line":11,"column":9}},"11":{"start":{"line":12,"column":0},"end":{"line":12,"column":66}},"12":{"start":{"line":13,"column":0},"end":{"line":13,"column":0}},"13":{"start":{"line":14,"column":0},"end":{"line":14,"column":45}},"14":{"start":{"line":15,"column":0},"end":{"line":15,"column":21}},"15":{"start":{"line":16,"column":0},"end":{"line":16,"column":65}},"16":{"start":{"line":17,"column":0},"end":{"line":17,"column":5}},"17":{"start":{"line":18,"column":0},"end":{"line":18,"column":0}},"18":{"start":{"line":19,"column":0},"end":{"line":19,"column":3}},"19":{"start":{"line":20,"column":0},"end":{"line":20,"column":1}},"20":{"start":{"line":21,"column":0},"end":{"line":21,"column":0}},"21":{"start":{"line":22,"column":0},"end":{"line":22,"column":35}}},"s":{"0":1,"1":1,"2":1,"3":1,"4":1,"5":1,"6":1,"7":1,"8":2,"9":2,"10":2,"11":2,"12":2,"13":2,"14":2,"15":1,"16":1,"17":2,"18":2,"19":1,"20":1,"21":1},"branchMap":{"0":{"type":"branch","line":5,"loc":{"start":{"line":5,"column":0},"end":{"line":20,"column":1}},"locations":[{"start":{"line":5,"column":0},"end":{"line":20,"column":1}}]},"1":{"type":"branch","line":6,"loc":{"start":{"line":6,"column":2},"end":{"line":6,"column":69}},"locations":[{"start":{"line":6,"column":2},"end":{"line":6,"column":69}}]},"2":{"type":"branch","line":8,"loc":{"start":{"line":8,"column":2},"end":{"line":19,"column":3}},"locations":[{"start":{"line":8,"column":2},"end":{"line":19,"column":3}}]},"3":{"type":"branch","line":15,"loc":{"start":{"line":15,"column":5},"end":{"line":15,"column":13}},"locations":[{"start":{"line":15,"column":5},"end":{"line":15,"column":13}}]},"4":{"type":"branch","line":15,"loc":{"start":{"line":15,"column":6},"end":{"line":17,"column":5}},"locations":[{"start":{"line":15,"column":6},"end":{"line":17,"column":5}}]}},"b":{"0":[1],"1":[1],"2":[2],"3":[0],"4":[1]},"fnMap":{"0":{"name":"TurnUserAdminController","decl":{"start":{"line":6,"column":2},"end":{"line":6,"column":69}},"loc":{"start":{"line":6,"column":2},"end":{"line":6,"column":69}},"line":6},"1":{"name":"Object.<anonymous>.TurnUserAdminController.handle","decl":{"start":{"line":8,"column":2},"end":{"line":19,"column":3}},"loc":{"start":{"line":8,"column":2},"end":{"line":19,"column":3}},"line":8}},"f":{"0":1,"1":2}}
,"/home/diogo/develope/ignite/challenge-1-solid/src/modules/users/useCases/turnUserAdmin/TurnUserAdminUseCase.ts": {"path":"/home/diogo/develope/ignite/challenge-1-solid/src/modules/users/useCases/turnUserAdmin/TurnUserAdminUseCase.ts","all":false,"statementMap":{"0":{"start":{"line":1,"column":0},"end":{"line":1,"column":40}},"1":{"start":{"line":2,"column":0},"end":{"line":2,"column":71}},"2":{"start":{"line":3,"column":0},"end":{"line":3,"column":0}},"3":{"start":{"line":4,"column":0},"end":{"line":4,"column":20}},"4":{"start":{"line":5,"column":0},"end":{"line":5,"column":18}},"5":{"start":{"line":6,"column":0},"end":{"line":6,"column":1}},"6":{"start":{"line":7,"column":0},"end":{"line":7,"column":0}},"7":{"start":{"line":8,"column":0},"end":{"line":8,"column":28}},"8":{"start":{"line":9,"column":0},"end":{"line":9,"column":60}},"9":{"start":{"line":10,"column":0},"end":{"line":10,"column":0}},"10":{"start":{"line":11,"column":0},"end":{"line":11,"column":40}},"11":{"start":{"line":12,"column":0},"end":{"line":12,"column":0}},"12":{"start":{"line":13,"column":0},"end":{"line":13,"column":56}},"13":{"start":{"line":14,"column":0},"end":{"line":14,"column":0}},"14":{"start":{"line":15,"column":0},"end":{"line":15,"column":16}},"15":{"start":{"line":16,"column":0},"end":{"line":16,"column":41}},"16":{"start":{"line":17,"column":0},"end":{"line":17,"column":5}},"17":{"start":{"line":18,"column":0},"end":{"line":18,"column":0}},"18":{"start":{"line":19,"column":0},"end":{"line":19,"column":48}},"19":{"start":{"line":20,"column":0},"end":{"line":20,"column":3}},"20":{"start":{"line":21,"column":0},"end":{"line":21,"column":1}},"21":{"start":{"line":22,"column":0},"end":{"line":22,"column":0}},"22":{"start":{"line":23,"column":0},"end":{"line":23,"column":32}}},"s":{"0":1,"1":1,"2":1,"3":1,"4":1,"5":1,"6":1,"7":2,"8":2,"9":2,"10":2,"11":4,"12":4,"13":4,"14":4,"15":2,"16":2,"17":2,"18":2,"19":2,"20":2,"21":1,"22":1},"branchMap":{"0":{"type":"branch","line":8,"loc":{"start":{"line":8,"column":0},"end":{"line":21,"column":1}},"locations":[{"start":{"line":8,"column":0},"end":{"line":21,"column":1}}]},"1":{"type":"branch","line":9,"loc":{"start":{"line":9,"column":2},"end":{"line":9,"column":60}},"locations":[{"start":{"line":9,"column":2},"end":{"line":9,"column":60}}]},"2":{"type":"branch","line":11,"loc":{"start":{"line":11,"column":2},"end":{"line":20,"column":3}},"locations":[{"start":{"line":11,"column":2},"end":{"line":20,"column":3}}]},"3":{"type":"branch","line":15,"loc":{"start":{"line":15,"column":15},"end":{"line":20,"column":3}},"locations":[{"start":{"line":15,"column":15},"end":{"line":20,"column":3}}]}},"b":{"0":[2],"1":[2],"2":[4],"3":[2]},"fnMap":{"0":{"name":"TurnUserAdminUseCase","decl":{"start":{"line":9,"column":2},"end":{"line":9,"column":60}},"loc":{"start":{"line":9,"column":2},"end":{"line":9,"column":60}},"line":9},"1":{"name":"Object.<anonymous>.TurnUserAdminUseCase.execute","decl":{"start":{"line":11,"column":2},"end":{"line":20,"column":3}},"loc":{"start":{"line":11,"column":2},"end":{"line":20,"column":3}},"line":11}},"f":{"0":2,"1":4}}
,"/home/diogo/develope/ignite/challenge-1-solid/src/modules/users/useCases/turnUserAdmin/index.ts": {"path":"/home/diogo/develope/ignite/challenge-1-solid/src/modules/users/useCases/turnUserAdmin/index.ts","all":false,"statementMap":{"0":{"start":{"line":1,"column":0},"end":{"line":1,"column":85}},"1":{"start":{"line":2,"column":0},"end":{"line":2,"column":68}},"2":{"start":{"line":3,"column":0},"end":{"line":3,"column":62}},"3":{"start":{"line":4,"column":0},"end":{"line":4,"column":0}},"4":{"start":{"line":5,"column":0},"end":{"line":5,"column":54}},"5":{"start":{"line":6,"column":0},"end":{"line":6,"column":71}},"6":{"start":{"line":7,"column":0},"end":{"line":7,"column":60}},"7":{"start":{"line":8,"column":0},"end":{"line":8,"column":22}},"8":{"start":{"line":9,"column":0},"end":{"line":9,"column":2}},"9":{"start":{"line":10,"column":0},"end":{"line":10,"column":0}},"10":{"start":{"line":11,"column":0},"end":{"line":11,"column":35}}},"s":{"0":1,"1":1,"2":1,"3":1,"4":1,"5":1,"6":1,"7":1,"8":1,"9":1,"10":1},"branchMap":{},"b":{},"fnMap":{},"f":{}}
,"/home/diogo/develope/ignite/challenge-1-solid/src/routes/users.routes.ts": {"path":"/home/diogo/develope/ignite/challenge-1-solid/src/routes/users.routes.ts","all":false,"statementMap":{"0":{"start":{"line":1,"column":0},"end":{"line":1,"column":33}},"1":{"start":{"line":2,"column":0},"end":{"line":2,"column":0}},"2":{"start":{"line":3,"column":0},"end":{"line":3,"column":76}},"3":{"start":{"line":4,"column":0},"end":{"line":4,"column":80}},"4":{"start":{"line":5,"column":0},"end":{"line":5,"column":86}},"5":{"start":{"line":6,"column":0},"end":{"line":6,"column":82}},"6":{"start":{"line":7,"column":0},"end":{"line":7,"column":0}},"7":{"start":{"line":8,"column":0},"end":{"line":8,"column":29}},"8":{"start":{"line":9,"column":0},"end":{"line":9,"column":0}},"9":{"start":{"line":10,"column":0},"end":{"line":10,"column":0}},"10":{"start":{"line":11,"column":0},"end":{"line":11,"column":44}},"11":{"start":{"line":12,"column":0},"end":{"line":12,"column":48}},"12":{"start":{"line":13,"column":0},"end":{"line":13,"column":2}},"13":{"start":{"line":14,"column":0},"end":{"line":14,"column":0}},"14":{"start":{"line":15,"column":0},"end":{"line":15,"column":0}},"15":{"start":{"line":16,"column":0},"end":{"line":16,"column":59}},"16":{"start":{"line":17,"column":0},"end":{"line":17,"column":51}},"17":{"start":{"line":18,"column":0},"end":{"line":18,"column":2}},"18":{"start":{"line":19,"column":0},"end":{"line":19,"column":0}},"19":{"start":{"line":20,"column":0},"end":{"line":20,"column":51}},"20":{"start":{"line":21,"column":0},"end":{"line":21,"column":53}},"21":{"start":{"line":22,"column":0},"end":{"line":22,"column":2}},"22":{"start":{"line":23,"column":0},"end":{"line":23,"column":0}},"23":{"start":{"line":24,"column":0},"end":{"line":24,"column":43}},"24":{"start":{"line":25,"column":0},"end":{"line":25,"column":50}},"25":{"start":{"line":26,"column":0},"end":{"line":26,"column":2}},"26":{"start":{"line":27,"column":0},"end":{"line":27,"column":0}},"27":{"start":{"line":28,"column":0},"end":{"line":28,"column":23}}},"s":{"0":1,"1":1,"2":1,"3":1,"4":1,"5":1,"6":1,"7":1,"8":1,"9":1,"10":1,"11":2,"12":1,"13":1,"14":1,"15":1,"16":2,"17":1,"18":1,"19":1,"20":2,"21":1,"22":1,"23":1,"24":4,"25":1,"26":1,"27":1},"branchMap":{"0":{"type":"branch","line":11,"loc":{"start":{"line":11,"column":22},"end":{"line":12,"column":48}},"locations":[{"start":{"line":11,"column":22},"end":{"line":12,"column":48}}]},"1":{"type":"branch","line":16,"loc":{"start":{"line":16,"column":37},"end":{"line":17,"column":51}},"locations":[{"start":{"line":16,"column":37},"end":{"line":17,"column":51}}]},"2":{"type":"branch","line":20,"loc":{"start":{"line":20,"column":29},"end":{"line":21,"column":53}},"locations":[{"start":{"line":20,"column":29},"end":{"line":21,"column":53}}]},"3":{"type":"branch","line":24,"loc":{"start":{"line":24,"column":21},"end":{"line":25,"column":50}},"locations":[{"start":{"line":24,"column":21},"end":{"line":25,"column":50}}]}},"b":{"0":[2],"1":[2],"2":[2],"3":[4]},"fnMap":{},"f":{}}
}
